<?xml version="1.0" encoding="UTF-8"?>
<!-- Generated by org.testng.reporters.JUnitReportReporter -->
<testsuite skipped="0" hostname="DESKTOP-B0A316T" name="com.mobiotics.HITSAdmin.tstCases.TC_Bulk_Hardware_SendOSD" tests="1" failures="0" timestamp="24 Jun 2019 13:30:04 GMT" time="36.945" errors="0">
  <testcase name="testBulkHardwareSendOSDMethod" time="36.945" classname="com.mobiotics.HITSAdmin.tstCases.TC_Bulk_Hardware_SendOSD"/>
</testsuite> <!-- com.mobiotics.HITSAdmin.tstCases.TC_Bulk_Hardware_SendOSD -->
