<?xml version="1.0" encoding="UTF-8"?>
<!-- Generated by org.testng.reporters.JUnitReportReporter -->
<testsuite skipped="0" hostname="DESKTOP-B0A316T" name="com.mobiotics.HITSAdmin.tstCases.TC_Bulk_Product_Assign" tests="1" failures="0" timestamp="25 Jun 2019 05:59:07 GMT" time="41.003" errors="0">
  <testcase name="testBulkProductAssignMethod" time="41.003" classname="com.mobiotics.HITSAdmin.tstCases.TC_Bulk_Product_Assign"/>
</testsuite> <!-- com.mobiotics.HITSAdmin.tstCases.TC_Bulk_Product_Assign -->
