<?xml version="1.0" encoding="UTF-8"?>
<!-- Generated by org.testng.reporters.JUnitReportReporter -->
<testsuite skipped="0" hostname="DESKTOP-B0A316T" name="com.mobiotics.HITSAdmin.tstCases.TC_Report_Core_ListDevices" tests="1" failures="0" timestamp="26 Jun 2019 10:28:18 GMT" time="102.607" errors="0">
  <testcase name="reportCoreListDevicesTestMethod" time="102.607" classname="com.mobiotics.HITSAdmin.tstCases.TC_Report_Core_ListDevices"/>
</testsuite> <!-- com.mobiotics.HITSAdmin.tstCases.TC_Report_Core_ListDevices -->
