<?xml version="1.0" encoding="UTF-8"?>
<!-- Generated by org.testng.reporters.JUnitReportReporter -->
<testsuite skipped="0" hostname="DESKTOP-B0A316T" name="com.mobiotics.HITSAdmin.tstCases.TC_Bulk_Hardware_Disconnect" tests="1" failures="0" timestamp="24 Jun 2019 12:13:38 GMT" time="29.669" errors="0">
  <testcase name="testBulkHardwareDisconnectMethod" time="29.669" classname="com.mobiotics.HITSAdmin.tstCases.TC_Bulk_Hardware_Disconnect"/>
</testsuite> <!-- com.mobiotics.HITSAdmin.tstCases.TC_Bulk_Hardware_Disconnect -->
