<?xml version="1.0" encoding="UTF-8"?>
<!-- Generated by org.testng.reporters.JUnitReportReporter -->
<testsuite skipped="0" hostname="DESKTOP-B0A316T" name="com.mobiotics.HITSAdmin.tstCases.TC_Report_Core_ListActivations" tests="1" failures="0" timestamp="26 Jun 2019 12:56:43 GMT" time="66.088" errors="0">
  <testcase name="reportCoreActivationsTestMethod" time="66.088" classname="com.mobiotics.HITSAdmin.tstCases.TC_Report_Core_ListActivations"/>
</testsuite> <!-- com.mobiotics.HITSAdmin.tstCases.TC_Report_Core_ListActivations -->
