<?xml version="1.0" encoding="UTF-8"?>
<!-- Generated by org.testng.reporters.JUnitReportReporter -->
<testsuite skipped="0" hostname="DESKTOP-B0A316T" name="com.mobiotics.HITSAdmin.tstCases.TC_BanksListBanks" tests="1" failures="0" timestamp="21 Jun 2019 03:51:59 GMT" time="74.023" errors="0">
  <testcase name="testListBanksMethod" time="74.023" classname="com.mobiotics.HITSAdmin.tstCases.TC_BanksListBanks"/>
</testsuite> <!-- com.mobiotics.HITSAdmin.tstCases.TC_BanksListBanks -->
