<?xml version="1.0" encoding="UTF-8"?>
<!-- Generated by org.testng.reporters.JUnitReportReporter -->
<testsuite skipped="0" hostname="DESKTOP-B0A316T" name="com.mobiotics.HITSAdmin.tstCases.TC_OperatorsDPO" tests="1" failures="0" timestamp="17 Jun 2019 07:25:17 GMT" time="57.280" errors="0">
  <testcase name="testOperatorsDPOMethod" time="57.280" classname="com.mobiotics.HITSAdmin.tstCases.TC_OperatorsDPO"/>
</testsuite> <!-- com.mobiotics.HITSAdmin.tstCases.TC_OperatorsDPO -->
