<?xml version="1.0" encoding="UTF-8"?>
<!-- Generated by org.testng.reporters.JUnitReportReporter -->
<testsuite skipped="0" hostname="DESKTOP-B0A316T" name="com.mobiotics.HITSAdmin.tstCases.TC_Report_Core_JobReport" tests="1" failures="0" timestamp="27 Jun 2019 18:16:59 GMT" time="79.130" errors="0">
  <testcase name="reportCoreJobReportTestMethod" time="79.130" classname="com.mobiotics.HITSAdmin.tstCases.TC_Report_Core_JobReport"/>
</testsuite> <!-- com.mobiotics.HITSAdmin.tstCases.TC_Report_Core_JobReport -->
