<?xml version="1.0" encoding="UTF-8"?>
<!-- Generated by org.testng.reporters.JUnitReportReporter -->
<testsuite skipped="0" hostname="DESKTOP-B0A316T" name="com.mobiotics.HITSAdmin.tstCases.TC_Bulk_Hardware_Retrack" tests="1" failures="0" timestamp="24 Jun 2019 11:38:38 GMT" time="27.054" errors="0">
  <testcase name="testBulkHardwareRetrackMethod" time="27.054" classname="com.mobiotics.HITSAdmin.tstCases.TC_Bulk_Hardware_Retrack"/>
</testsuite> <!-- com.mobiotics.HITSAdmin.tstCases.TC_Bulk_Hardware_Retrack -->
