<?xml version="1.0" encoding="UTF-8"?>
<!-- Generated by org.testng.reporters.JUnitReportReporter -->
<testsuite skipped="0" hostname="DESKTOP-B0A316T" name="com.mobiotics.HITSAdmin.tstCases.TC_Bulk_Activation_CreateSubscriber" tests="1" failures="0" timestamp="24 Jun 2019 11:11:50 GMT" time="23.828" errors="0">
  <testcase name="testBulkActivationCreateSubscriber" time="23.828" classname="com.mobiotics.HITSAdmin.tstCases.TC_Bulk_Activation_CreateSubscriber"/>
</testsuite> <!-- com.mobiotics.HITSAdmin.tstCases.TC_Bulk_Activation_CreateSubscriber -->
