<?xml version="1.0" encoding="UTF-8"?>
<!-- Generated by org.testng.reporters.JUnitReportReporter -->
<testsuite skipped="1" hostname="DESKTOP-B0A316T" name="com.mobiotics.HITSAdmin.tstCases.TC_Bulk_Product_Remove_13" tests="1" failures="0" timestamp="10 Jul 2019 22:58:59 GMT" time="0.000" errors="0">
  <testcase name="bulkProductRemovetestMethod" time="0.000" classname="com.mobiotics.HITSAdmin.tstCases.TC_Bulk_Product_Remove_13">
    <skipped/>
  </testcase> <!-- bulkProductRemovetestMethod -->
</testsuite> <!-- com.mobiotics.HITSAdmin.tstCases.TC_Bulk_Product_Remove_13 -->
