<?xml version="1.0" encoding="UTF-8"?>
<!-- Generated by org.testng.reporters.JUnitReportReporter -->
<testsuite skipped="0" hostname="DESKTOP-B0A316T" name="com.mobiotics.HITSAdmin.tstCases.TC_MessageAddScroll" tests="1" failures="0" timestamp="20 Jun 2019 05:09:46 GMT" time="22.319" errors="0">
  <testcase name="testAddScrollMethod" time="22.319" classname="com.mobiotics.HITSAdmin.tstCases.TC_MessageAddScroll"/>
</testsuite> <!-- com.mobiotics.HITSAdmin.tstCases.TC_MessageAddScroll -->
