<?xml version="1.0" encoding="UTF-8"?>
<!-- Generated by org.testng.reporters.JUnitReportReporter -->
<testsuite skipped="0" hostname="DESKTOP-B0A316T" name="com.mobiotics.HITSAdmin.tstCases.TC_Bullk_Adjustment_Debit_18" tests="1" failures="0" timestamp="01 Jul 2019 16:59:26 GMT" time="8.411" errors="0">
  <testcase name="bulkAdjustmentDebitMethod" time="8.411" classname="com.mobiotics.HITSAdmin.tstCases.TC_Bullk_Adjustment_Debit_18"/>
</testsuite> <!-- com.mobiotics.HITSAdmin.tstCases.TC_Bullk_Adjustment_Debit_18 -->
