<?xml version="1.0" encoding="UTF-8"?>
<!-- Generated by org.testng.reporters.JUnitReportReporter -->
<testsuite skipped="0" hostname="DESKTOP-B0A316T" name="com.mobiotics.HITSAdmin.tstCases.TC_Bulk_Hardware_Reconnect" tests="1" failures="0" timestamp="24 Jun 2019 11:52:29 GMT" time="28.903" errors="0">
  <testcase name="testBulkHardwareRconnectMethod" time="28.903" classname="com.mobiotics.HITSAdmin.tstCases.TC_Bulk_Hardware_Reconnect"/>
</testsuite> <!-- com.mobiotics.HITSAdmin.tstCases.TC_Bulk_Hardware_Reconnect -->
