<?xml version="1.0" encoding="UTF-8"?>
<!-- Generated by org.testng.reporters.JUnitReportReporter -->
<testsuite skipped="0" hostname="DESKTOP-B0A316T" name="com.mobiotics.HITSAdmin.tstCases.TC_Bulk_Activation_BasePack" tests="1" failures="0" timestamp="24 Jun 2019 10:24:21 GMT" time="64.760" errors="0">
  <testcase name="testBulkAddBasePack" time="64.760" classname="com.mobiotics.HITSAdmin.tstCases.TC_Bulk_Activation_BasePack"/>
</testsuite> <!-- com.mobiotics.HITSAdmin.tstCases.TC_Bulk_Activation_BasePack -->
