<?xml version="1.0" encoding="UTF-8"?>
<!-- Generated by org.testng.reporters.JUnitReportReporter -->
<testsuite skipped="0" hostname="DESKTOP-B0A316T" name="com.mobiotics.HITSAdmin.tstCases.TC_OperatorsDPO_03" tests="1" failures="0" timestamp="01 Jul 2019 16:59:26 GMT" time="36.647" errors="0">
  <testcase name="testOperatorsDPOMethod" time="36.647" classname="com.mobiotics.HITSAdmin.tstCases.TC_OperatorsDPO_03"/>
</testsuite> <!-- com.mobiotics.HITSAdmin.tstCases.TC_OperatorsDPO_03 -->
