<?xml version="1.0" encoding="UTF-8"?>
<!-- Generated by org.testng.reporters.JUnitReportReporter -->
<testsuite skipped="1" hostname="DESKTOP-B0A316T" name="com.mobiotics.HITSAdmin.tstCases.TC_MessageListMessage_30" tests="1" failures="0" timestamp="10 Jul 2019 22:58:59 GMT" time="0.000" errors="0">
  <testcase name="testListMessageMethod" time="0.000" classname="com.mobiotics.HITSAdmin.tstCases.TC_MessageListMessage_30">
    <skipped/>
  </testcase> <!-- testListMessageMethod -->
</testsuite> <!-- com.mobiotics.HITSAdmin.tstCases.TC_MessageListMessage_30 -->
