<?xml version="1.0" encoding="UTF-8"?>
<!-- Generated by org.testng.reporters.JUnitReportReporter -->
<testsuite skipped="0" hostname="DESKTOP-B0A316T" name="com.mobiotics.HITSAdmin.tstCases.TC_Bulk_Customer_ChangeTypeAndClass" tests="1" failures="0" timestamp="25 Jun 2019 06:49:33 GMT" time="36.012" errors="0">
  <testcase name="bulkCustomerChangeTypeAndClassMethod" time="36.012" classname="com.mobiotics.HITSAdmin.tstCases.TC_Bulk_Customer_ChangeTypeAndClass"/>
</testsuite> <!-- com.mobiotics.HITSAdmin.tstCases.TC_Bulk_Customer_ChangeTypeAndClass -->
