<?xml version="1.0" encoding="UTF-8"?>
<!-- Generated by org.testng.reporters.JUnitReportReporter -->
<testsuite skipped="0" hostname="DESKTOP-B0A316T" name="com.mobiotics.HITSAdmin.tstCases.TC_Report_Core_Product_Assignment" tests="1" failures="0" timestamp="27 Jun 2019 15:05:58 GMT" time="138.148" errors="0">
  <testcase name="reportCoreProductAssignmentTestMethod" time="138.148" classname="com.mobiotics.HITSAdmin.tstCases.TC_Report_Core_Product_Assignment"/>
</testsuite> <!-- com.mobiotics.HITSAdmin.tstCases.TC_Report_Core_Product_Assignment -->
