<?xml version="1.0" encoding="UTF-8"?>
<!-- Generated by org.testng.reporters.JUnitReportReporter -->
<testsuite skipped="1" hostname="DESKTOP-B0A316T" name="com.mobiotics.HITSAdmin.tstCases.TC_Report_Core_JobReport_24" tests="1" failures="0" timestamp="10 Jul 2019 22:58:59 GMT" time="0.000" errors="0">
  <testcase name="reportCoreJobReportTestMethod" time="0.000" classname="com.mobiotics.HITSAdmin.tstCases.TC_Report_Core_JobReport_24">
    <skipped/>
  </testcase> <!-- reportCoreJobReportTestMethod -->
</testsuite> <!-- com.mobiotics.HITSAdmin.tstCases.TC_Report_Core_JobReport_24 -->
