<?xml version="1.0" encoding="UTF-8"?>
<!-- Generated by org.testng.reporters.JUnitReportReporter -->
<testsuite skipped="0" hostname="DESKTOP-B0A316T" name="com.mobiotics.HITSAdmin.tstCases.TC_Report_RefundReport" tests="1" failures="0" timestamp="30 Jun 2019 03:01:27 GMT" time="150.738" errors="0">
  <testcase name="reportRefundReportTestMethod" time="150.738" classname="com.mobiotics.HITSAdmin.tstCases.TC_Report_RefundReport"/>
</testsuite> <!-- com.mobiotics.HITSAdmin.tstCases.TC_Report_RefundReport -->
