<?xml version="1.0" encoding="UTF-8"?>
<!-- Generated by org.testng.reporters.JUnitReportReporter -->
<testsuite skipped="0" hostname="DESKTOP-B0A316T" name="com.mobiotics.HITSAdmin.tstCases.TC_Bulk_Hardware_CancelProduct_09" tests="1" failures="0" timestamp="01 Jul 2019 16:59:26 GMT" time="8.809" errors="0">
  <testcase name="testBulkHardwareCancelProductMethod" time="8.809" classname="com.mobiotics.HITSAdmin.tstCases.TC_Bulk_Hardware_CancelProduct_09"/>
</testsuite> <!-- com.mobiotics.HITSAdmin.tstCases.TC_Bulk_Hardware_CancelProduct_09 -->
