<?xml version="1.0" encoding="UTF-8"?>
<!-- Generated by org.testng.reporters.JUnitReportReporter -->
<testsuite skipped="0" hostname="DESKTOP-B0A316T" name="com.mobiotics.HITSAdmin.tstCases.TC_Bulk_Adjustment_Credit" tests="1" failures="0" timestamp="25 Jun 2019 08:47:39 GMT" time="38.040" errors="0">
  <testcase name="bulkAdjustmentCreditMethod" time="38.040" classname="com.mobiotics.HITSAdmin.tstCases.TC_Bulk_Adjustment_Credit"/>
</testsuite> <!-- com.mobiotics.HITSAdmin.tstCases.TC_Bulk_Adjustment_Credit -->
