<?xml version="1.0" encoding="UTF-8"?>
<!-- Generated by org.testng.reporters.JUnitReportReporter -->
<testsuite skipped="0" hostname="DESKTOP-B0A316T" name="com.mobiotics.HITSAdmin.tstCases.TC_Bulk_Hardware_SendOSD_11" tests="1" failures="0" timestamp="01 Jul 2019 16:59:26 GMT" time="10.830" errors="0">
  <testcase name="testBulkHardwareSendOSDMethod" time="10.830" classname="com.mobiotics.HITSAdmin.tstCases.TC_Bulk_Hardware_SendOSD_11"/>
</testsuite> <!-- com.mobiotics.HITSAdmin.tstCases.TC_Bulk_Hardware_SendOSD_11 -->
