<?xml version="1.0" encoding="UTF-8"?>
<!-- Generated by org.testng.reporters.JUnitReportReporter -->
<testsuite skipped="0" hostname="DESKTOP-B0A316T" name="com.mobiotics.HITSAdmin.tstCases.TC_SubuserModifySubuser" tests="1" failures="0" timestamp="20 Jun 2019 09:43:37 GMT" time="90.389" errors="0">
  <testcase name="testModifySubuserTest" time="90.389" classname="com.mobiotics.HITSAdmin.tstCases.TC_SubuserModifySubuser"/>
</testsuite> <!-- com.mobiotics.HITSAdmin.tstCases.TC_SubuserModifySubuser -->
