<?xml version="1.0" encoding="UTF-8"?>
<!-- Generated by org.testng.reporters.JUnitReportReporter -->
<testsuite skipped="0" hostname="DESKTOP-B0A316T" name="com.mobiotics.HITSAdmin.tstCases.TC_Report_Core_Product_Assignment_24" tests="1" failures="0" timestamp="01 Jul 2019 16:59:26 GMT" time="31.145" errors="0">
  <testcase name="reportCoreProductAssignmentTestMethod" time="31.145" classname="com.mobiotics.HITSAdmin.tstCases.TC_Report_Core_Product_Assignment_24"/>
</testsuite> <!-- com.mobiotics.HITSAdmin.tstCases.TC_Report_Core_Product_Assignment_24 -->
