<?xml version="1.0" encoding="UTF-8"?>
<!-- Generated by org.testng.reporters.JUnitReportReporter -->
<testsuite skipped="0" hostname="DESKTOP-B0A316T" name="com.mobiotics.HITSAdmin.tstCases.TC_Bulk_Hardware_Disconnect_08" tests="1" failures="0" timestamp="01 Jul 2019 16:59:26 GMT" time="9.746" errors="0">
  <testcase name="testBulkHardwareDisconnectMethod" time="9.746" classname="com.mobiotics.HITSAdmin.tstCases.TC_Bulk_Hardware_Disconnect_08"/>
</testsuite> <!-- com.mobiotics.HITSAdmin.tstCases.TC_Bulk_Hardware_Disconnect_08 -->
