<?xml version="1.0" encoding="UTF-8"?>
<!-- Generated by org.testng.reporters.JUnitReportReporter -->
<testsuite skipped="1" hostname="DESKTOP-B0A316T" name="com.mobiotics.HITSAdmin.tstCases.TC_Bulk_Hardware_Reconnect_07" tests="1" failures="0" timestamp="10 Jul 2019 22:59:00 GMT" time="0.000" errors="0">
  <testcase name="testBulkHardwareRconnectMethod" time="0.000" classname="com.mobiotics.HITSAdmin.tstCases.TC_Bulk_Hardware_Reconnect_07">
    <skipped/>
  </testcase> <!-- testBulkHardwareRconnectMethod -->
</testsuite> <!-- com.mobiotics.HITSAdmin.tstCases.TC_Bulk_Hardware_Reconnect_07 -->
