<?xml version="1.0" encoding="UTF-8"?>
<!-- Generated by org.testng.reporters.JUnitReportReporter -->
<testsuite skipped="1" hostname="DESKTOP-B0A316T" name="com.mobiotics.HITSAdmin.tstCases.TC_OperatorsMSO_02" tests="1" failures="0" timestamp="10 Jul 2019 22:59:00 GMT" time="0.000" errors="0">
  <testcase name="operatorsTestMethod" time="0.000" classname="com.mobiotics.HITSAdmin.tstCases.TC_OperatorsMSO_02">
    <skipped/>
  </testcase> <!-- operatorsTestMethod -->
</testsuite> <!-- com.mobiotics.HITSAdmin.tstCases.TC_OperatorsMSO_02 -->
