<?xml version="1.0" encoding="UTF-8"?>
<!-- Generated by org.testng.reporters.JUnitReportReporter -->
<testsuite skipped="0" hostname="DESKTOP-B0A316T" name="com.mobiotics.HITSAdmin.tstCases.TC_Report_Finance_ListPayments" tests="1" failures="0" timestamp="27 Jun 2019 22:04:58 GMT" time="98.103" errors="0">
  <testcase name="reportFinanceListPaymentsTestMethod" time="98.103" classname="com.mobiotics.HITSAdmin.tstCases.TC_Report_Finance_ListPayments"/>
</testsuite> <!-- com.mobiotics.HITSAdmin.tstCases.TC_Report_Finance_ListPayments -->
