<?xml version="1.0" encoding="UTF-8"?>
<!-- Generated by org.testng.reporters.JUnitReportReporter -->
<testsuite skipped="0" hostname="DESKTOP-B0A316T" name="com.mobiotics.HITSAdmin.tstCases.TC_Bulk_Finance_PayBills" tests="1" failures="0" timestamp="25 Jun 2019 07:29:14 GMT" time="30.778" errors="0">
  <testcase name="bulkFinancePayBillsTestMethod" time="30.778" classname="com.mobiotics.HITSAdmin.tstCases.TC_Bulk_Finance_PayBills"/>
</testsuite> <!-- com.mobiotics.HITSAdmin.tstCases.TC_Bulk_Finance_PayBills -->
