<?xml version="1.0" encoding="UTF-8"?>
<!-- Generated by org.testng.reporters.JUnitReportReporter -->
<testsuite skipped="0" hostname="DESKTOP-B0A316T" name="com.mobiotics.HITSAdmin.tstCases.TC_SubuserAddSubuser" tests="1" failures="0" timestamp="20 Jun 2019 09:57:09 GMT" time="25.924" errors="0">
  <testcase name="testAddSubuserMethod" time="25.924" classname="com.mobiotics.HITSAdmin.tstCases.TC_SubuserAddSubuser"/>
</testsuite> <!-- com.mobiotics.HITSAdmin.tstCases.TC_SubuserAddSubuser -->
