<?xml version="1.0" encoding="UTF-8"?>
<!-- Generated by org.testng.reporters.JUnitReportReporter -->
<testsuite skipped="0" hostname="DESKTOP-B0A316T" name="com.mobiotics.HITSAdmin.tstCases.TC_OperatorsLCO" tests="1" failures="0" timestamp="17 Jun 2019 07:27:32 GMT" time="54.276" errors="0">
  <testcase name="testOperatorsLCOMethod" time="54.276" classname="com.mobiotics.HITSAdmin.tstCases.TC_OperatorsLCO"/>
</testsuite> <!-- com.mobiotics.HITSAdmin.tstCases.TC_OperatorsLCO -->
