<?xml version="1.0" encoding="UTF-8"?>
<!-- Generated by org.testng.reporters.JUnitReportReporter -->
<testsuite skipped="0" hostname="DESKTOP-B0A316T" name="com.mobiotics.HITSAdmin.tstCases.TC_Report_Core_ListSuspension_23" tests="1" failures="0" timestamp="01 Jul 2019 16:59:26 GMT" time="28.643" errors="0">
  <testcase name="reportCoreListSuspensionTestMethod" time="28.643" classname="com.mobiotics.HITSAdmin.tstCases.TC_Report_Core_ListSuspension_23"/>
</testsuite> <!-- com.mobiotics.HITSAdmin.tstCases.TC_Report_Core_ListSuspension_23 -->
