<?xml version="1.0" encoding="UTF-8"?>
<!-- Generated by org.testng.reporters.JUnitReportReporter -->
<testsuite skipped="0" hostname="DESKTOP-B0A316T" name="com.mobiotics.HITSAdmin.tstCases.TC_Bulk_Finance_FinancialAccounts" tests="1" failures="0" timestamp="25 Jun 2019 07:26:19 GMT" time="27.879" errors="0">
  <testcase name="bulkFinanceFinancialAccountsTestMethod" time="27.879" classname="com.mobiotics.HITSAdmin.tstCases.TC_Bulk_Finance_FinancialAccounts"/>
</testsuite> <!-- com.mobiotics.HITSAdmin.tstCases.TC_Bulk_Finance_FinancialAccounts -->
