<?xml version="1.0" encoding="UTF-8"?>
<!-- Generated by org.testng.reporters.JUnitReportReporter -->
<testsuite skipped="0" hostname="DESKTOP-B0A316T" name="com.mobiotics.HITSAdmin.tstCases.TC_Bulk_Hardware_CancelProduct" tests="1" failures="0" timestamp="24 Jun 2019 12:31:14 GMT" time="29.694" errors="0">
  <testcase name="testBulkHardwareCancelProductMethod" time="29.694" classname="com.mobiotics.HITSAdmin.tstCases.TC_Bulk_Hardware_CancelProduct"/>
</testsuite> <!-- com.mobiotics.HITSAdmin.tstCases.TC_Bulk_Hardware_CancelProduct -->
