<?xml version="1.0" encoding="UTF-8"?>
<!-- Generated by org.testng.reporters.JUnitReportReporter -->
<testsuite skipped="0" hostname="DESKTOP-B0A316T" name="com.mobiotics.HITSAdmin.tstCases.TC_Report_Core_ListConnections" tests="1" failures="0" timestamp="26 Jun 2019 11:52:18 GMT" time="54.218" errors="0">
  <testcase name="reportCoreListConnectionsTestMethod" time="54.218" classname="com.mobiotics.HITSAdmin.tstCases.TC_Report_Core_ListConnections"/>
</testsuite> <!-- com.mobiotics.HITSAdmin.tstCases.TC_Report_Core_ListConnections -->
