<?xml version="1.0" encoding="UTF-8"?>
<!-- Generated by org.testng.reporters.JUnitReportReporter -->
<testsuite skipped="0" hostname="DESKTOP-B0A316T" name="com.mobiotics.HITSAdmin.tstCases.TC_Bulk_Product_Remove" tests="1" failures="0" timestamp="25 Jun 2019 06:24:13 GMT" time="37.918" errors="0">
  <testcase name="bulkProductRemovetestMethod" time="37.918" classname="com.mobiotics.HITSAdmin.tstCases.TC_Bulk_Product_Remove"/>
</testsuite> <!-- com.mobiotics.HITSAdmin.tstCases.TC_Bulk_Product_Remove -->
