<?xml version="1.0" encoding="UTF-8"?>
<!-- Generated by org.testng.reporters.JUnitReportReporter -->
<testsuite skipped="0" hostname="DESKTOP-B0A316T" name="com.mobiotics.HITSAdmin.tstCases.TC_OperatorsMSO" tests="1" failures="0" timestamp="14 Jun 2019 10:50:26 GMT" time="43.543" errors="0">
  <testcase name="operatorsTestMethod" time="43.543" classname="com.mobiotics.HITSAdmin.tstCases.TC_OperatorsMSO"/>
</testsuite> <!-- com.mobiotics.HITSAdmin.tstCases.TC_OperatorsMSO -->
