<?xml version="1.0" encoding="UTF-8"?>
<!-- Generated by org.testng.reporters.JUnitReportReporter -->
<testsuite skipped="0" hostname="DESKTOP-B0A316T" name="com.mobiotics.HITSAdmin.tstCases.TC_Report_Finance_PayBills" tests="1" failures="0" timestamp="28 Jun 2019 16:53:39 GMT" time="56.637" errors="0">
  <testcase name="reportFinancePayBillsTestMethod" time="56.637" classname="com.mobiotics.HITSAdmin.tstCases.TC_Report_Finance_PayBills"/>
</testsuite> <!-- com.mobiotics.HITSAdmin.tstCases.TC_Report_Finance_PayBills -->
