<?xml version="1.0" encoding="UTF-8"?>
<!-- Generated by org.testng.reporters.JUnitReportReporter -->
<testsuite skipped="0" hostname="DESKTOP-B0A316T" name="com.mobiotics.HITSAdmin.tstCases.TC_Report_Finance_GSTReport" tests="1" failures="0" timestamp="28 Jun 2019 14:24:06 GMT" time="63.752" errors="0">
  <testcase name="reportFinanceGSTReportTestMethod" time="63.752" classname="com.mobiotics.HITSAdmin.tstCases.TC_Report_Finance_GSTReport"/>
</testsuite> <!-- com.mobiotics.HITSAdmin.tstCases.TC_Report_Finance_GSTReport -->
