<?xml version="1.0" encoding="UTF-8"?>
<!-- Generated by org.testng.reporters.JUnitReportReporter -->
<testsuite skipped="0" hostname="DESKTOP-B0A316T" name="com.mobiotics.HITSAdmin.tstCases.TC_Report_Core_ListSuspension" tests="1" failures="0" timestamp="27 Jun 2019 14:12:03 GMT" time="68.617" errors="0">
  <testcase name="reportCoreListSuspensionTestMethod" time="68.617" classname="com.mobiotics.HITSAdmin.tstCases.TC_Report_Core_ListSuspension"/>
</testsuite> <!-- com.mobiotics.HITSAdmin.tstCases.TC_Report_Core_ListSuspension -->
