<?xml version="1.0" encoding="UTF-8"?>
<!-- Generated by org.testng.reporters.JUnitReportReporter -->
<testsuite skipped="0" hostname="DESKTOP-B0A316T" name="com.mobiotics.HITSAdmin.tstCases.TC_Bulk_Hardware_HardwareReplacement" tests="1" failures="0" timestamp="24 Jun 2019 13:07:31 GMT" time="35.340" errors="0">
  <testcase name="testBulkHardwareRepacementMethod" time="35.340" classname="com.mobiotics.HITSAdmin.tstCases.TC_Bulk_Hardware_HardwareReplacement"/>
</testsuite> <!-- com.mobiotics.HITSAdmin.tstCases.TC_Bulk_Hardware_HardwareReplacement -->
