<?xml version="1.0" encoding="UTF-8"?>
<!-- Generated by org.testng.reporters.JUnitReportReporter -->
<testsuite skipped="0" hostname="DESKTOP-B0A316T" name="com.mobiotics.HITSAdmin.tstCases.TC_OperatorsLCO" tests="1" failures="0" timestamp="14 Jun 2019 09:58:52 GMT" time="45.335" errors="0">
  <testcase name="testOperatorsLCOMethod" time="45.335" classname="com.mobiotics.HITSAdmin.tstCases.TC_OperatorsLCO"/>
</testsuite> <!-- com.mobiotics.HITSAdmin.tstCases.TC_OperatorsLCO -->
