<?xml version="1.0" encoding="UTF-8"?>
<!-- Generated by org.testng.reporters.JUnitReportReporter -->
<testsuite skipped="0" hostname="DESKTOP-B0A316T" name="com.mobiotics.HITSAdmin.login.LoginDemo" tests="1" failures="0" timestamp="13 Jun 2019 09:19:59 GMT" time="15.135" errors="0">
  <testcase name="loginTest" time="15.135" classname="com.mobiotics.HITSAdmin.login.LoginDemo"/>
</testsuite> <!-- com.mobiotics.HITSAdmin.login.LoginDemo -->
