<?xml version="1.0" encoding="UTF-8"?>
<!-- Generated by org.testng.reporters.JUnitReportReporter -->
<testsuite skipped="0" hostname="DESKTOP-B0A316T" name="com.mobiotics.HITSAdmin.tstCases.TC_SetDueDate" tests="1" failures="0" timestamp="20 Jun 2019 05:29:38 GMT" time="23.565" errors="0">
  <testcase name="testSetDueDateMethod" time="23.565" classname="com.mobiotics.HITSAdmin.tstCases.TC_SetDueDate"/>
</testsuite> <!-- com.mobiotics.HITSAdmin.tstCases.TC_SetDueDate -->
